Determining if the pthread_create exist failed with the following output:
Change Dir: /home/user1/mobile_ws/src/groszyk-zembron/build/CMakeFiles/CMakeTmp

Run Build Command:"/usr/bin/make" "cmTC_436a3/fast"
/usr/bin/make -f CMakeFiles/cmTC_436a3.dir/build.make CMakeFiles/cmTC_436a3.dir/build
make[1]: Wejście do katalogu '/home/user1/mobile_ws/src/groszyk-zembron/build/CMakeFiles/CMakeTmp'
Building C object CMakeFiles/cmTC_436a3.dir/CheckSymbolExists.c.o
/usr/bin/x86_64-linux-gnu-gcc-7    -o CMakeFiles/cmTC_436a3.dir/CheckSymbolExists.c.o   -c /home/user1/mobile_ws/src/groszyk-zembron/build/CMakeFiles/CMakeTmp/CheckSymbolExists.c
Linking C executable cmTC_436a3
/usr/bin/cmake -E cmake_link_script CMakeFiles/cmTC_436a3.dir/link.txt --verbose=1
/usr/bin/x86_64-linux-gnu-gcc-7      -rdynamic CMakeFiles/cmTC_436a3.dir/CheckSymbolExists.c.o  -o cmTC_436a3 
CMakeFiles/cmTC_436a3.dir/CheckSymbolExists.c.o: In function `main':
CheckSymbolExists.c:(.text+0x1b): undefined reference to `pthread_create'
collect2: error: ld returned 1 exit status
CMakeFiles/cmTC_436a3.dir/build.make:97: recipe for target 'cmTC_436a3' failed
make[1]: *** [cmTC_436a3] Error 1
make[1]: Opuszczenie katalogu '/home/user1/mobile_ws/src/groszyk-zembron/build/CMakeFiles/CMakeTmp'
Makefile:126: recipe for target 'cmTC_436a3/fast' failed
make: *** [cmTC_436a3/fast] Error 2

File /home/user1/mobile_ws/src/groszyk-zembron/build/CMakeFiles/CMakeTmp/CheckSymbolExists.c:
/* */
#include <pthread.h>

int main(int argc, char** argv)
{
  (void)argv;
#ifndef pthread_create
  return ((int*)(&pthread_create))[argc];
#else
  (void)argc;
  return 0;
#endif
}

Determining if the function pthread_create exists in the pthreads failed with the following output:
Change Dir: /home/user1/mobile_ws/src/groszyk-zembron/build/CMakeFiles/CMakeTmp

Run Build Command:"/usr/bin/make" "cmTC_4cbeb/fast"
/usr/bin/make -f CMakeFiles/cmTC_4cbeb.dir/build.make CMakeFiles/cmTC_4cbeb.dir/build
make[1]: Wejście do katalogu '/home/user1/mobile_ws/src/groszyk-zembron/build/CMakeFiles/CMakeTmp'
Building C object CMakeFiles/cmTC_4cbeb.dir/CheckFunctionExists.c.o
/usr/bin/x86_64-linux-gnu-gcc-7   -DCHECK_FUNCTION_EXISTS=pthread_create   -o CMakeFiles/cmTC_4cbeb.dir/CheckFunctionExists.c.o   -c /usr/share/cmake-3.10/Modules/CheckFunctionExists.c
Linking C executable cmTC_4cbeb
/usr/bin/cmake -E cmake_link_script CMakeFiles/cmTC_4cbeb.dir/link.txt --verbose=1
/usr/bin/x86_64-linux-gnu-gcc-7  -DCHECK_FUNCTION_EXISTS=pthread_create    -rdynamic CMakeFiles/cmTC_4cbeb.dir/CheckFunctionExists.c.o  -o cmTC_4cbeb -lpthreads 
/usr/bin/ld: cannot find -lpthreads
collect2: error: ld returned 1 exit status
CMakeFiles/cmTC_4cbeb.dir/build.make:97: recipe for target 'cmTC_4cbeb' failed
make[1]: *** [cmTC_4cbeb] Error 1
make[1]: Opuszczenie katalogu '/home/user1/mobile_ws/src/groszyk-zembron/build/CMakeFiles/CMakeTmp'
Makefile:126: recipe for target 'cmTC_4cbeb/fast' failed
make: *** [cmTC_4cbeb/fast] Error 2


